<?xml version="1.0" encoding="UTF-8"?>
<!-- Generated by org.testng.reporters.JUnitReportReporter -->
<testsuite hostname="SHAKYA-PC" name="com.example.tests.UpdateForex" tests="2" failures="0" timestamp="25 Apr 2013 04:41:04 GMT" time="21.272" errors="0">
  <testcase name="testUpdateForex" time="8.284" classname="com.example.tests.UpdateForex"/>
  <testcase name="setUp" time="12.988" classname="com.example.tests.UpdateForex"/>
</testsuite> <!-- com.example.tests.UpdateForex -->
